<?xml version="1.0" encoding="UTF-8"?>
<testsuite xmlns:xsi="http://www.w3.org/2001/XMLSchema-instance" xsi:noNamespaceSchemaLocation="https://maven.apache.org/surefire/maven-surefire-plugin/xsd/surefire-test-report.xsd" version="3.0.2" name="com.university.erp.LoginFlowTest" time="2.006" tests="8" errors="0" skipped="0" failures="0">
  <properties>
[...]
</properties>
  <testcase name="adminLoginDoesNotRequireStudentRecord" classname="com.university.erp.LoginFlowTest" time="0.393">
    <system-out><![CDATA[Relational Database Schema Initialized successfully.
]]></system-out>
  </testcase>
  <testcase name="aliceLoginResolvesStudentBeforeOpeningStudentScreens" classname="com.university.erp.LoginFlowTest" time="0.422">
    <system-out><![CDATA[Relational Database Schema Initialized successfully.
]]></system-out>
  </testcase>
  <testcase name="lateSubmissionsAreMarkedAutomatically" classname="com.university.erp.LoginFlowTest" time="0.187">
    <system-out><![CDATA[Relational Database Schema Initialized successfully.
]]></system-out>
  </testcase>
  <testcase name="legacyMillisecondDeadlinesStillRefreshLateSubmissionStatus" classname="com.university.erp.LoginFlowTest" time="0.179">
    <system-out><![CDATA[Relational Database Schema Initialized successfully.
]]></system-out>
  </testcase>
  <testcase name="profilePhotoPersistsAndDashboardRefreshes" classname="com.university.erp.LoginFlowTest" time="0.201">
    <system-out><![CDATA[Relational Database Schema Initialized successfully.
]]></system-out>
  </testcase>
  <testcase name="facultyLoginUsesFacultyReferenceForFacultyScreens" classname="com.university.erp.LoginFlowTest" time="0.243">
    <system-out><![CDATA[Relational Database Schema Initialized successfully.
]]></system-out>
  </testcase>
  <testcase name="enrollingStudentAfterAssignmentCreatesVisibilityAndNotification" classname="com.university.erp.LoginFlowTest" time="0.182">
    <system-out><![CDATA[Relational Database Schema Initialized successfully.
]]></system-out>
  </testcase>
  <testcase name="assignmentCanBeSubmittedAndGraded" classname="com.university.erp.LoginFlowTest" time="0.194">
    <system-out><![CDATA[Relational Database Schema Initialized successfully.
]]></system-out>
  </testcase>
</testsuite>